This file contains any messages produced by compilers while
running configure, to aid debugging if configure makes a mistake.

It was created by pimc configure 1.0, which was
generated by GNU Autoconf 2.69.  Invocation command line was

  $ ./configure 

## --------- ##
## Platform. ##
## --------- ##

hostname = feynman
uname -m = x86_64
uname -r = 4.4.0-24-generic
uname -s = Linux
uname -v = #43-Ubuntu SMP Wed Jun 8 19:27:37 UTC 2016

/usr/bin/uname -p = unknown
/bin/uname -X     = unknown

/bin/arch              = unknown
/usr/bin/arch -k       = unknown
/usr/convex/getsysinfo = unknown
/usr/bin/hostinfo      = unknown
/bin/machine           = unknown
/usr/bin/oslevel       = unknown
/bin/universe          = unknown

PATH: /usr/local/maui/bin
PATH: /usr/local/sbin
PATH: /usr/local/sbin
PATH: /usr/local/bin
PATH: /usr/sbin
PATH: /usr/bin
PATH: /sbin
PATH: /bin
PATH: /usr/games
PATH: /usr/local/games
PATH: /opt/g09/bsd
PATH: /opt/g09/local
PATH: /opt/g09/extras
PATH: /opt/g09
PATH: /opt/molpro2010/bin
PATH: /opt/rleroy/bin


## ----------- ##
## Core tests. ##
## ----------- ##

configure:2291: checking for g++
configure:2307: found /usr/bin/g++
configure:2318: result: g++
configure:2345: checking for C++ compiler version
configure:2354: g++ --version >&5
g++ (Ubuntu 5.3.1-14ubuntu2.1) 5.3.1 20160413
Copyright (C) 2015 Free Software Foundation, Inc.
This is free software; see the source for copying conditions.  There is NO
warranty; not even for MERCHANTABILITY or FITNESS FOR A PARTICULAR PURPOSE.

configure:2365: $? = 0
configure:2354: g++ -v >&5
Using built-in specs.
COLLECT_GCC=g++
COLLECT_LTO_WRAPPER=/usr/lib/gcc/x86_64-linux-gnu/5/lto-wrapper
Target: x86_64-linux-gnu
Configured with: ../src/configure -v --with-pkgversion='Ubuntu 5.3.1-14ubuntu2.1' --with-bugurl=file:///usr/share/doc/gcc-5/README.Bugs --enable-languages=c,ada,c++,java,go,d,fortran,objc,obj-c++ --prefix=/usr --program-suffix=-5 --enable-shared --enable-linker-build-id --libexecdir=/usr/lib --without-included-gettext --enable-threads=posix --libdir=/usr/lib --enable-nls --with-sysroot=/ --enable-clocale=gnu --enable-libstdcxx-debug --enable-libstdcxx-time=yes --with-default-libstdcxx-abi=new --enable-gnu-unique-object --disable-vtable-verify --enable-libmpx --enable-plugin --with-system-zlib --disable-browser-plugin --enable-java-awt=gtk --enable-gtk-cairo --with-java-home=/usr/lib/jvm/java-1.5.0-gcj-5-amd64/jre --enable-java-home --with-jvm-root-dir=/usr/lib/jvm/java-1.5.0-gcj-5-amd64 --with-jvm-jar-dir=/usr/lib/jvm-exports/java-1.5.0-gcj-5-amd64 --with-arch-directory=amd64 --with-ecj-jar=/usr/share/java/eclipse-ecj.jar --enable-objc-gc --enable-multiarch --disable-werror --with-arch-32=i686 --with-abi=m64 --with-multilib-list=m32,m64,mx32 --enable-multilib --with-tune=generic --enable-checking=release --build=x86_64-linux-gnu --host=x86_64-linux-gnu --target=x86_64-linux-gnu
Thread model: posix
gcc version 5.3.1 20160413 (Ubuntu 5.3.1-14ubuntu2.1) 
configure:2365: $? = 0
configure:2354: g++ -V >&5
g++: error: unrecognized command line option '-V'
g++: fatal error: no input files
compilation terminated.
configure:2365: $? = 1
configure:2354: g++ -qversion >&5
g++: error: unrecognized command line option '-qversion'
g++: fatal error: no input files
compilation terminated.
configure:2365: $? = 1
configure:2385: checking whether the C++ compiler works
configure:2407: g++    conftest.cpp  >&5
configure:2411: $? = 0
configure:2459: result: yes
configure:2462: checking for C++ compiler default output file name
configure:2464: result: a.out
configure:2470: checking for suffix of executables
configure:2477: g++ -o conftest    conftest.cpp  >&5
configure:2481: $? = 0
configure:2503: result: 
configure:2525: checking whether we are cross compiling
configure:2533: g++ -o conftest    conftest.cpp  >&5
configure:2537: $? = 0
configure:2544: ./conftest
configure:2548: $? = 0
configure:2563: result: no
configure:2568: checking for suffix of object files
configure:2590: g++ -c   conftest.cpp >&5
configure:2594: $? = 0
configure:2615: result: o
configure:2619: checking whether we are using the GNU C++ compiler
configure:2638: g++ -c   conftest.cpp >&5
configure:2638: $? = 0
configure:2647: result: yes
configure:2656: checking whether g++ accepts -g
configure:2676: g++ -c -g  conftest.cpp >&5
configure:2676: $? = 0
configure:2717: result: yes
configure:2793: checking for gfortran
configure:2809: found /usr/bin/gfortran
configure:2820: result: gfortran
configure:2846: checking for Fortran compiler version
configure:2855: gfortran --version >&5
GNU Fortran (Ubuntu 5.3.1-14ubuntu2.1) 5.3.1 20160413
Copyright (C) 2015 Free Software Foundation, Inc.

GNU Fortran comes with NO WARRANTY, to the extent permitted by law.
You may redistribute copies of GNU Fortran
under the terms of the GNU General Public License.
For more information about these matters, see the file named COPYING

configure:2866: $? = 0
configure:2855: gfortran -v >&5
Using built-in specs.
COLLECT_GCC=gfortran
COLLECT_LTO_WRAPPER=/usr/lib/gcc/x86_64-linux-gnu/5/lto-wrapper
Target: x86_64-linux-gnu
Configured with: ../src/configure -v --with-pkgversion='Ubuntu 5.3.1-14ubuntu2.1' --with-bugurl=file:///usr/share/doc/gcc-5/README.Bugs --enable-languages=c,ada,c++,java,go,d,fortran,objc,obj-c++ --prefix=/usr --program-suffix=-5 --enable-shared --enable-linker-build-id --libexecdir=/usr/lib --without-included-gettext --enable-threads=posix --libdir=/usr/lib --enable-nls --with-sysroot=/ --enable-clocale=gnu --enable-libstdcxx-debug --enable-libstdcxx-time=yes --with-default-libstdcxx-abi=new --enable-gnu-unique-object --disable-vtable-verify --enable-libmpx --enable-plugin --with-system-zlib --disable-browser-plugin --enable-java-awt=gtk --enable-gtk-cairo --with-java-home=/usr/lib/jvm/java-1.5.0-gcj-5-amd64/jre --enable-java-home --with-jvm-root-dir=/usr/lib/jvm/java-1.5.0-gcj-5-amd64 --with-jvm-jar-dir=/usr/lib/jvm-exports/java-1.5.0-gcj-5-amd64 --with-arch-directory=amd64 --with-ecj-jar=/usr/share/java/eclipse-ecj.jar --enable-objc-gc --enable-multiarch --disable-werror --with-arch-32=i686 --with-abi=m64 --with-multilib-list=m32,m64,mx32 --enable-multilib --with-tune=generic --enable-checking=release --build=x86_64-linux-gnu --host=x86_64-linux-gnu --target=x86_64-linux-gnu
Thread model: posix
gcc version 5.3.1 20160413 (Ubuntu 5.3.1-14ubuntu2.1) 
configure:2866: $? = 0
configure:2855: gfortran -V >&5
gfortran: error: unrecognized command line option '-V'
gfortran: fatal error: no input files
compilation terminated.
configure:2866: $? = 1
configure:2855: gfortran -qversion >&5
gfortran: error: unrecognized command line option '-qversion'
gfortran: fatal error: no input files
compilation terminated.
configure:2866: $? = 1
configure:2875: checking whether we are using the GNU Fortran compiler
configure:2888: gfortran -c   conftest.F >&5
configure:2888: $? = 0
configure:2897: result: yes
configure:2903: checking whether gfortran accepts -g
configure:2914: gfortran -c -g  conftest.f >&5
configure:2914: $? = 0
configure:2922: result: yes
configure:3001: checking for gcc
configure:3017: found /usr/bin/gcc
configure:3028: result: gcc
configure:3257: checking for C compiler version
configure:3266: gcc --version >&5
gcc (Ubuntu 5.3.1-14ubuntu2.1) 5.3.1 20160413
Copyright (C) 2015 Free Software Foundation, Inc.
This is free software; see the source for copying conditions.  There is NO
warranty; not even for MERCHANTABILITY or FITNESS FOR A PARTICULAR PURPOSE.

configure:3277: $? = 0
configure:3266: gcc -v >&5
Using built-in specs.
COLLECT_GCC=gcc
COLLECT_LTO_WRAPPER=/usr/lib/gcc/x86_64-linux-gnu/5/lto-wrapper
Target: x86_64-linux-gnu
Configured with: ../src/configure -v --with-pkgversion='Ubuntu 5.3.1-14ubuntu2.1' --with-bugurl=file:///usr/share/doc/gcc-5/README.Bugs --enable-languages=c,ada,c++,java,go,d,fortran,objc,obj-c++ --prefix=/usr --program-suffix=-5 --enable-shared --enable-linker-build-id --libexecdir=/usr/lib --without-included-gettext --enable-threads=posix --libdir=/usr/lib --enable-nls --with-sysroot=/ --enable-clocale=gnu --enable-libstdcxx-debug --enable-libstdcxx-time=yes --with-default-libstdcxx-abi=new --enable-gnu-unique-object --disable-vtable-verify --enable-libmpx --enable-plugin --with-system-zlib --disable-browser-plugin --enable-java-awt=gtk --enable-gtk-cairo --with-java-home=/usr/lib/jvm/java-1.5.0-gcj-5-amd64/jre --enable-java-home --with-jvm-root-dir=/usr/lib/jvm/java-1.5.0-gcj-5-amd64 --with-jvm-jar-dir=/usr/lib/jvm-exports/java-1.5.0-gcj-5-amd64 --with-arch-directory=amd64 --with-ecj-jar=/usr/share/java/eclipse-ecj.jar --enable-objc-gc --enable-multiarch --disable-werror --with-arch-32=i686 --with-abi=m64 --with-multilib-list=m32,m64,mx32 --enable-multilib --with-tune=generic --enable-checking=release --build=x86_64-linux-gnu --host=x86_64-linux-gnu --target=x86_64-linux-gnu
Thread model: posix
gcc version 5.3.1 20160413 (Ubuntu 5.3.1-14ubuntu2.1) 
configure:3277: $? = 0
configure:3266: gcc -V >&5
gcc: error: unrecognized command line option '-V'
gcc: fatal error: no input files
compilation terminated.
configure:3277: $? = 1
configure:3266: gcc -qversion >&5
gcc: error: unrecognized command line option '-qversion'
gcc: fatal error: no input files
compilation terminated.
configure:3277: $? = 1
configure:3281: checking whether we are using the GNU C compiler
configure:3300: gcc -c   conftest.c >&5
configure:3300: $? = 0
configure:3309: result: yes
configure:3318: checking whether gcc accepts -g
configure:3338: gcc -c -g  conftest.c >&5
configure:3338: $? = 0
configure:3379: result: yes
configure:3396: checking for gcc option to accept ISO C89
configure:3459: gcc  -c -g -O2  conftest.c >&5
configure:3459: $? = 0
configure:3472: result: none needed
configure:3493: checking for main in -lgomp
configure:3512: gcc -o conftest -g -O2   conftest.c -lgomp   >&5
configure:3512: $? = 0
configure:3521: result: yes
configure:3532: checking for main in -llapack
configure:3551: gcc -o conftest -g -O2   conftest.c -llapack  -lgomp  >&5
configure:3551: $? = 0
configure:3560: result: yes
configure:3578: checking how to run the C preprocessor
configure:3609: gcc -E  conftest.c
configure:3609: $? = 0
configure:3623: gcc -E  conftest.c
conftest.c:11:28: fatal error: ac_nonexistent.h: No such file or directory
compilation terminated.
configure:3623: $? = 1
configure: failed program was:
| /* confdefs.h */
| #define PACKAGE_NAME "pimc"
| #define PACKAGE_TARNAME "pimc"
| #define PACKAGE_VERSION "1.0"
| #define PACKAGE_STRING "pimc 1.0"
| #define PACKAGE_BUGREPORT "pnroy@uwaterloo.ca"
| #define PACKAGE_URL ""
| #define HAVE_LIBGOMP 1
| #define HAVE_LIBLAPACK 1
| /* end confdefs.h.  */
| #include <ac_nonexistent.h>
configure:3648: result: gcc -E
configure:3668: gcc -E  conftest.c
configure:3668: $? = 0
configure:3682: gcc -E  conftest.c
conftest.c:11:28: fatal error: ac_nonexistent.h: No such file or directory
compilation terminated.
configure:3682: $? = 1
configure: failed program was:
| /* confdefs.h */
| #define PACKAGE_NAME "pimc"
| #define PACKAGE_TARNAME "pimc"
| #define PACKAGE_VERSION "1.0"
| #define PACKAGE_STRING "pimc 1.0"
| #define PACKAGE_BUGREPORT "pnroy@uwaterloo.ca"
| #define PACKAGE_URL ""
| #define HAVE_LIBGOMP 1
| #define HAVE_LIBLAPACK 1
| /* end confdefs.h.  */
| #include <ac_nonexistent.h>
configure:3711: checking for grep that handles long lines and -e
configure:3769: result: /bin/grep
configure:3774: checking for egrep
configure:3836: result: /bin/grep -E
configure:3841: checking for ANSI C header files
configure:3861: gcc -c -g -O2  conftest.c >&5
configure:3861: $? = 0
configure:3934: gcc -o conftest -g -O2   conftest.c -llapack -lgomp  >&5
configure:3934: $? = 0
configure:3934: ./conftest
configure:3934: $? = 0
configure:3945: result: yes
configure:3958: checking for sys/types.h
configure:3958: gcc -c -g -O2  conftest.c >&5
configure:3958: $? = 0
configure:3958: result: yes
configure:3958: checking for sys/stat.h
configure:3958: gcc -c -g -O2  conftest.c >&5
configure:3958: $? = 0
configure:3958: result: yes
configure:3958: checking for stdlib.h
configure:3958: gcc -c -g -O2  conftest.c >&5
configure:3958: $? = 0
configure:3958: result: yes
configure:3958: checking for string.h
configure:3958: gcc -c -g -O2  conftest.c >&5
configure:3958: $? = 0
configure:3958: result: yes
configure:3958: checking for memory.h
configure:3958: gcc -c -g -O2  conftest.c >&5
configure:3958: $? = 0
configure:3958: result: yes
configure:3958: checking for strings.h
configure:3958: gcc -c -g -O2  conftest.c >&5
configure:3958: $? = 0
configure:3958: result: yes
configure:3958: checking for inttypes.h
configure:3958: gcc -c -g -O2  conftest.c >&5
configure:3958: $? = 0
configure:3958: result: yes
configure:3958: checking for stdint.h
configure:3958: gcc -c -g -O2  conftest.c >&5
configure:3958: $? = 0
configure:3958: result: yes
configure:3958: checking for unistd.h
configure:3958: gcc -c -g -O2  conftest.c >&5
configure:3958: $? = 0
configure:3958: result: yes
configure:3973: checking limits.h usability
configure:3973: gcc -c -g -O2  conftest.c >&5
configure:3973: $? = 0
configure:3973: result: yes
configure:3973: checking limits.h presence
configure:3973: gcc -E  conftest.c
configure:3973: $? = 0
configure:3973: result: yes
configure:3973: checking for limits.h
configure:3973: result: yes
configure:3973: checking stddef.h usability
configure:3973: gcc -c -g -O2  conftest.c >&5
configure:3973: $? = 0
configure:3973: result: yes
configure:3973: checking stddef.h presence
configure:3973: gcc -E  conftest.c
configure:3973: $? = 0
configure:3973: result: yes
configure:3973: checking for stddef.h
configure:3973: result: yes
configure:3973: checking for stdlib.h
configure:3973: result: yes
configure:3973: checking for string.h
configure:3973: result: yes
configure:3973: checking sys/time.h usability
configure:3973: gcc -c -g -O2  conftest.c >&5
configure:3973: $? = 0
configure:3973: result: yes
configure:3973: checking sys/time.h presence
configure:3973: gcc -E  conftest.c
configure:3973: $? = 0
configure:3973: result: yes
configure:3973: checking for sys/time.h
configure:3973: result: yes
configure:3985: checking for stdbool.h that conforms to C99
configure:4052: gcc -c -g -O2  conftest.c >&5
configure:4052: $? = 0
configure:4059: result: yes
configure:4061: checking for _Bool
configure:4061: gcc -c -g -O2  conftest.c >&5
configure:4061: $? = 0
configure:4061: gcc -c -g -O2  conftest.c >&5
conftest.c: In function 'main':
conftest.c:62:20: error: expected expression before ')' token
 if (sizeof ((_Bool)))
                    ^
configure:4061: $? = 1
configure: failed program was:
| /* confdefs.h */
| #define PACKAGE_NAME "pimc"
| #define PACKAGE_TARNAME "pimc"
| #define PACKAGE_VERSION "1.0"
| #define PACKAGE_STRING "pimc 1.0"
| #define PACKAGE_BUGREPORT "pnroy@uwaterloo.ca"
| #define PACKAGE_URL ""
| #define HAVE_LIBGOMP 1
| #define HAVE_LIBLAPACK 1
| #define STDC_HEADERS 1
| #define HAVE_SYS_TYPES_H 1
| #define HAVE_SYS_STAT_H 1
| #define HAVE_STDLIB_H 1
| #define HAVE_STRING_H 1
| #define HAVE_MEMORY_H 1
| #define HAVE_STRINGS_H 1
| #define HAVE_INTTYPES_H 1
| #define HAVE_STDINT_H 1
| #define HAVE_UNISTD_H 1
| #define HAVE_LIMITS_H 1
| #define HAVE_STDDEF_H 1
| #define HAVE_STDLIB_H 1
| #define HAVE_STRING_H 1
| #define HAVE_SYS_TIME_H 1
| /* end confdefs.h.  */
| #include <stdio.h>
| #ifdef HAVE_SYS_TYPES_H
| # include <sys/types.h>
| #endif
| #ifdef HAVE_SYS_STAT_H
| # include <sys/stat.h>
| #endif
| #ifdef STDC_HEADERS
| # include <stdlib.h>
| # include <stddef.h>
| #else
| # ifdef HAVE_STDLIB_H
| #  include <stdlib.h>
| # endif
| #endif
| #ifdef HAVE_STRING_H
| # if !defined STDC_HEADERS && defined HAVE_MEMORY_H
| #  include <memory.h>
| # endif
| # include <string.h>
| #endif
| #ifdef HAVE_STRINGS_H
| # include <strings.h>
| #endif
| #ifdef HAVE_INTTYPES_H
| # include <inttypes.h>
| #endif
| #ifdef HAVE_STDINT_H
| # include <stdint.h>
| #endif
| #ifdef HAVE_UNISTD_H
| # include <unistd.h>
| #endif
| int
| main ()
| {
| if (sizeof ((_Bool)))
| 	    return 0;
|   ;
|   return 0;
| }
configure:4061: result: yes
configure:4072: checking for inline
configure:4088: gcc -c -g -O2  conftest.c >&5
configure:4088: $? = 0
configure:4096: result: inline
configure:4114: checking for size_t
configure:4114: gcc -c -g -O2  conftest.c >&5
configure:4114: $? = 0
configure:4114: gcc -c -g -O2  conftest.c >&5
conftest.c: In function 'main':
conftest.c:63:21: error: expected expression before ')' token
 if (sizeof ((size_t)))
                     ^
configure:4114: $? = 1
configure: failed program was:
| /* confdefs.h */
| #define PACKAGE_NAME "pimc"
| #define PACKAGE_TARNAME "pimc"
| #define PACKAGE_VERSION "1.0"
| #define PACKAGE_STRING "pimc 1.0"
| #define PACKAGE_BUGREPORT "pnroy@uwaterloo.ca"
| #define PACKAGE_URL ""
| #define HAVE_LIBGOMP 1
| #define HAVE_LIBLAPACK 1
| #define STDC_HEADERS 1
| #define HAVE_SYS_TYPES_H 1
| #define HAVE_SYS_STAT_H 1
| #define HAVE_STDLIB_H 1
| #define HAVE_STRING_H 1
| #define HAVE_MEMORY_H 1
| #define HAVE_STRINGS_H 1
| #define HAVE_INTTYPES_H 1
| #define HAVE_STDINT_H 1
| #define HAVE_UNISTD_H 1
| #define HAVE_LIMITS_H 1
| #define HAVE_STDDEF_H 1
| #define HAVE_STDLIB_H 1
| #define HAVE_STRING_H 1
| #define HAVE_SYS_TIME_H 1
| #define HAVE__BOOL 1
| /* end confdefs.h.  */
| #include <stdio.h>
| #ifdef HAVE_SYS_TYPES_H
| # include <sys/types.h>
| #endif
| #ifdef HAVE_SYS_STAT_H
| # include <sys/stat.h>
| #endif
| #ifdef STDC_HEADERS
| # include <stdlib.h>
| # include <stddef.h>
| #else
| # ifdef HAVE_STDLIB_H
| #  include <stdlib.h>
| # endif
| #endif
| #ifdef HAVE_STRING_H
| # if !defined STDC_HEADERS && defined HAVE_MEMORY_H
| #  include <memory.h>
| # endif
| # include <string.h>
| #endif
| #ifdef HAVE_STRINGS_H
| # include <strings.h>
| #endif
| #ifdef HAVE_INTTYPES_H
| # include <inttypes.h>
| #endif
| #ifdef HAVE_STDINT_H
| # include <stdint.h>
| #endif
| #ifdef HAVE_UNISTD_H
| # include <unistd.h>
| #endif
| int
| main ()
| {
| if (sizeof ((size_t)))
| 	    return 0;
|   ;
|   return 0;
| }
configure:4114: result: yes
configure:4129: checking for stdlib.h
configure:4129: result: yes
configure:4139: checking for GNU libc compatible malloc
configure:4163: gcc -o conftest -g -O2   conftest.c -llapack -lgomp  >&5
configure:4163: $? = 0
configure:4163: ./conftest
configure:4163: $? = 0
configure:4173: result: yes
configure:4194: checking for working strtod
configure:4235: gcc -o conftest -g -O2   conftest.c -llapack -lgomp  >&5
configure:4235: $? = 0
configure:4235: ./conftest
configure:4235: $? = 0
configure:4245: result: yes
configure:4310: checking for floor
configure:4310: gcc -o conftest -g -O2   conftest.c -llapack -lgomp  >&5
conftest.c:52:6: warning: conflicting types for built-in function 'floor'
 char floor ();
      ^
/tmp/ccOjEiLI.o: In function `main':
/home/yulia/MoRiBS-PIMC-master/conftest.c:63: undefined reference to `floor'
collect2: error: ld returned 1 exit status
configure:4310: $? = 1
configure: failed program was:
| /* confdefs.h */
| #define PACKAGE_NAME "pimc"
| #define PACKAGE_TARNAME "pimc"
| #define PACKAGE_VERSION "1.0"
| #define PACKAGE_STRING "pimc 1.0"
| #define PACKAGE_BUGREPORT "pnroy@uwaterloo.ca"
| #define PACKAGE_URL ""
| #define HAVE_LIBGOMP 1
| #define HAVE_LIBLAPACK 1
| #define STDC_HEADERS 1
| #define HAVE_SYS_TYPES_H 1
| #define HAVE_SYS_STAT_H 1
| #define HAVE_STDLIB_H 1
| #define HAVE_STRING_H 1
| #define HAVE_MEMORY_H 1
| #define HAVE_STRINGS_H 1
| #define HAVE_INTTYPES_H 1
| #define HAVE_STDINT_H 1
| #define HAVE_UNISTD_H 1
| #define HAVE_LIMITS_H 1
| #define HAVE_STDDEF_H 1
| #define HAVE_STDLIB_H 1
| #define HAVE_STRING_H 1
| #define HAVE_SYS_TIME_H 1
| #define HAVE__BOOL 1
| #define HAVE_STDLIB_H 1
| #define HAVE_MALLOC 1
| /* end confdefs.h.  */
| /* Define floor to an innocuous variant, in case <limits.h> declares floor.
|    For example, HP-UX 11i <limits.h> declares gettimeofday.  */
| #define floor innocuous_floor
| 
| /* System header to define __stub macros and hopefully few prototypes,
|     which can conflict with char floor (); below.
|     Prefer <limits.h> to <assert.h> if __STDC__ is defined, since
|     <limits.h> exists even on freestanding compilers.  */
| 
| #ifdef __STDC__
| # include <limits.h>
| #else
| # include <assert.h>
| #endif
| 
| #undef floor
| 
| /* Override any GCC internal prototype to avoid an error.
|    Use char because int might match the return type of a GCC
|    builtin and then its argument prototype would still apply.  */
| #ifdef __cplusplus
| extern "C"
| #endif
| char floor ();
| /* The GNU C library defines this for functions which it implements
|     to always fail with ENOSYS.  Some functions are actually named
|     something starting with __ and the normal name is an alias.  */
| #if defined __stub_floor || defined __stub___floor
| choke me
| #endif
| 
| int
| main ()
| {
| return floor ();
|   ;
|   return 0;
| }
configure:4310: result: no
configure:4310: checking for gettimeofday
configure:4310: gcc -o conftest -g -O2   conftest.c -llapack -lgomp  >&5
configure:4310: $? = 0
configure:4310: result: yes
configure:4310: checking for memset
configure:4310: gcc -o conftest -g -O2   conftest.c -llapack -lgomp  >&5
conftest.c:53:6: warning: conflicting types for built-in function 'memset'
 char memset ();
      ^
configure:4310: $? = 0
configure:4310: result: yes
configure:4310: checking for pow
configure:4310: gcc -o conftest -g -O2   conftest.c -llapack -lgomp  >&5
conftest.c:54:6: warning: conflicting types for built-in function 'pow'
 char pow ();
      ^
/tmp/ccb5Zbo0.o: In function `main':
/home/yulia/MoRiBS-PIMC-master/conftest.c:65: undefined reference to `pow'
collect2: error: ld returned 1 exit status
configure:4310: $? = 1
configure: failed program was:
| /* confdefs.h */
| #define PACKAGE_NAME "pimc"
| #define PACKAGE_TARNAME "pimc"
| #define PACKAGE_VERSION "1.0"
| #define PACKAGE_STRING "pimc 1.0"
| #define PACKAGE_BUGREPORT "pnroy@uwaterloo.ca"
| #define PACKAGE_URL ""
| #define HAVE_LIBGOMP 1
| #define HAVE_LIBLAPACK 1
| #define STDC_HEADERS 1
| #define HAVE_SYS_TYPES_H 1
| #define HAVE_SYS_STAT_H 1
| #define HAVE_STDLIB_H 1
| #define HAVE_STRING_H 1
| #define HAVE_MEMORY_H 1
| #define HAVE_STRINGS_H 1
| #define HAVE_INTTYPES_H 1
| #define HAVE_STDINT_H 1
| #define HAVE_UNISTD_H 1
| #define HAVE_LIMITS_H 1
| #define HAVE_STDDEF_H 1
| #define HAVE_STDLIB_H 1
| #define HAVE_STRING_H 1
| #define HAVE_SYS_TIME_H 1
| #define HAVE__BOOL 1
| #define HAVE_STDLIB_H 1
| #define HAVE_MALLOC 1
| #define HAVE_GETTIMEOFDAY 1
| #define HAVE_MEMSET 1
| /* end confdefs.h.  */
| /* Define pow to an innocuous variant, in case <limits.h> declares pow.
|    For example, HP-UX 11i <limits.h> declares gettimeofday.  */
| #define pow innocuous_pow
| 
| /* System header to define __stub macros and hopefully few prototypes,
|     which can conflict with char pow (); below.
|     Prefer <limits.h> to <assert.h> if __STDC__ is defined, since
|     <limits.h> exists even on freestanding compilers.  */
| 
| #ifdef __STDC__
| # include <limits.h>
| #else
| # include <assert.h>
| #endif
| 
| #undef pow
| 
| /* Override any GCC internal prototype to avoid an error.
|    Use char because int might match the return type of a GCC
|    builtin and then its argument prototype would still apply.  */
| #ifdef __cplusplus
| extern "C"
| #endif
| char pow ();
| /* The GNU C library defines this for functions which it implements
|     to always fail with ENOSYS.  Some functions are actually named
|     something starting with __ and the normal name is an alias.  */
| #if defined __stub_pow || defined __stub___pow
| choke me
| #endif
| 
| int
| main ()
| {
| return pow ();
|   ;
|   return 0;
| }
configure:4310: result: no
configure:4310: checking for rint
configure:4310: gcc -o conftest -g -O2   conftest.c -llapack -lgomp  >&5
conftest.c:54:6: warning: conflicting types for built-in function 'rint'
 char rint ();
      ^
/tmp/ccs5qFF7.o: In function `main':
/home/yulia/MoRiBS-PIMC-master/conftest.c:65: undefined reference to `rint'
collect2: error: ld returned 1 exit status
configure:4310: $? = 1
configure: failed program was:
| /* confdefs.h */
| #define PACKAGE_NAME "pimc"
| #define PACKAGE_TARNAME "pimc"
| #define PACKAGE_VERSION "1.0"
| #define PACKAGE_STRING "pimc 1.0"
| #define PACKAGE_BUGREPORT "pnroy@uwaterloo.ca"
| #define PACKAGE_URL ""
| #define HAVE_LIBGOMP 1
| #define HAVE_LIBLAPACK 1
| #define STDC_HEADERS 1
| #define HAVE_SYS_TYPES_H 1
| #define HAVE_SYS_STAT_H 1
| #define HAVE_STDLIB_H 1
| #define HAVE_STRING_H 1
| #define HAVE_MEMORY_H 1
| #define HAVE_STRINGS_H 1
| #define HAVE_INTTYPES_H 1
| #define HAVE_STDINT_H 1
| #define HAVE_UNISTD_H 1
| #define HAVE_LIMITS_H 1
| #define HAVE_STDDEF_H 1
| #define HAVE_STDLIB_H 1
| #define HAVE_STRING_H 1
| #define HAVE_SYS_TIME_H 1
| #define HAVE__BOOL 1
| #define HAVE_STDLIB_H 1
| #define HAVE_MALLOC 1
| #define HAVE_GETTIMEOFDAY 1
| #define HAVE_MEMSET 1
| /* end confdefs.h.  */
| /* Define rint to an innocuous variant, in case <limits.h> declares rint.
|    For example, HP-UX 11i <limits.h> declares gettimeofday.  */
| #define rint innocuous_rint
| 
| /* System header to define __stub macros and hopefully few prototypes,
|     which can conflict with char rint (); below.
|     Prefer <limits.h> to <assert.h> if __STDC__ is defined, since
|     <limits.h> exists even on freestanding compilers.  */
| 
| #ifdef __STDC__
| # include <limits.h>
| #else
| # include <assert.h>
| #endif
| 
| #undef rint
| 
| /* Override any GCC internal prototype to avoid an error.
|    Use char because int might match the return type of a GCC
|    builtin and then its argument prototype would still apply.  */
| #ifdef __cplusplus
| extern "C"
| #endif
| char rint ();
| /* The GNU C library defines this for functions which it implements
|     to always fail with ENOSYS.  Some functions are actually named
|     something starting with __ and the normal name is an alias.  */
| #if defined __stub_rint || defined __stub___rint
| choke me
| #endif
| 
| int
| main ()
| {
| return rint ();
|   ;
|   return 0;
| }
configure:4310: result: no
configure:4310: checking for sqrt
configure:4310: gcc -o conftest -g -O2   conftest.c -llapack -lgomp  >&5
conftest.c:54:6: warning: conflicting types for built-in function 'sqrt'
 char sqrt ();
      ^
/tmp/ccPvxX0g.o: In function `main':
/home/yulia/MoRiBS-PIMC-master/conftest.c:65: undefined reference to `sqrt'
collect2: error: ld returned 1 exit status
configure:4310: $? = 1
configure: failed program was:
| /* confdefs.h */
| #define PACKAGE_NAME "pimc"
| #define PACKAGE_TARNAME "pimc"
| #define PACKAGE_VERSION "1.0"
| #define PACKAGE_STRING "pimc 1.0"
| #define PACKAGE_BUGREPORT "pnroy@uwaterloo.ca"
| #define PACKAGE_URL ""
| #define HAVE_LIBGOMP 1
| #define HAVE_LIBLAPACK 1
| #define STDC_HEADERS 1
| #define HAVE_SYS_TYPES_H 1
| #define HAVE_SYS_STAT_H 1
| #define HAVE_STDLIB_H 1
| #define HAVE_STRING_H 1
| #define HAVE_MEMORY_H 1
| #define HAVE_STRINGS_H 1
| #define HAVE_INTTYPES_H 1
| #define HAVE_STDINT_H 1
| #define HAVE_UNISTD_H 1
| #define HAVE_LIMITS_H 1
| #define HAVE_STDDEF_H 1
| #define HAVE_STDLIB_H 1
| #define HAVE_STRING_H 1
| #define HAVE_SYS_TIME_H 1
| #define HAVE__BOOL 1
| #define HAVE_STDLIB_H 1
| #define HAVE_MALLOC 1
| #define HAVE_GETTIMEOFDAY 1
| #define HAVE_MEMSET 1
| /* end confdefs.h.  */
| /* Define sqrt to an innocuous variant, in case <limits.h> declares sqrt.
|    For example, HP-UX 11i <limits.h> declares gettimeofday.  */
| #define sqrt innocuous_sqrt
| 
| /* System header to define __stub macros and hopefully few prototypes,
|     which can conflict with char sqrt (); below.
|     Prefer <limits.h> to <assert.h> if __STDC__ is defined, since
|     <limits.h> exists even on freestanding compilers.  */
| 
| #ifdef __STDC__
| # include <limits.h>
| #else
| # include <assert.h>
| #endif
| 
| #undef sqrt
| 
| /* Override any GCC internal prototype to avoid an error.
|    Use char because int might match the return type of a GCC
|    builtin and then its argument prototype would still apply.  */
| #ifdef __cplusplus
| extern "C"
| #endif
| char sqrt ();
| /* The GNU C library defines this for functions which it implements
|     to always fail with ENOSYS.  Some functions are actually named
|     something starting with __ and the normal name is an alias.  */
| #if defined __stub_sqrt || defined __stub___sqrt
| choke me
| #endif
| 
| int
| main ()
| {
| return sqrt ();
|   ;
|   return 0;
| }
configure:4310: result: no
configure:4473: creating ./config.status

## ---------------------- ##
## Running config.status. ##
## ---------------------- ##

This file was extended by pimc config.status 1.0, which was
generated by GNU Autoconf 2.69.  Invocation command line was

  CONFIG_FILES    = 
  CONFIG_HEADERS  = 
  CONFIG_LINKS    = 
  CONFIG_COMMANDS = 
  $ ./config.status 

on feynman

config.status:734: creating linear_prop/makefile
config.status:734: creating makefile
config.status:734: creating nmv_prop/makefile
config.status:734: creating symtop_prop/makefile

## ---------------- ##
## Cache variables. ##
## ---------------- ##

ac_cv_c_compiler_gnu=yes
ac_cv_c_inline=inline
ac_cv_cxx_compiler_gnu=yes
ac_cv_env_CCC_set=
ac_cv_env_CCC_value=
ac_cv_env_CC_set=
ac_cv_env_CC_value=
ac_cv_env_CFLAGS_set=
ac_cv_env_CFLAGS_value=
ac_cv_env_CPPFLAGS_set=
ac_cv_env_CPPFLAGS_value=
ac_cv_env_CPP_set=
ac_cv_env_CPP_value=
ac_cv_env_CXXFLAGS_set=
ac_cv_env_CXXFLAGS_value=
ac_cv_env_CXX_set=
ac_cv_env_CXX_value=
ac_cv_env_FCFLAGS_set=
ac_cv_env_FCFLAGS_value=
ac_cv_env_FC_set=
ac_cv_env_FC_value=
ac_cv_env_LDFLAGS_set=
ac_cv_env_LDFLAGS_value=
ac_cv_env_LIBS_set=
ac_cv_env_LIBS_value=
ac_cv_env_build_alias_set=
ac_cv_env_build_alias_value=
ac_cv_env_host_alias_set=
ac_cv_env_host_alias_value=
ac_cv_env_target_alias_set=
ac_cv_env_target_alias_value=
ac_cv_fc_compiler_gnu=yes
ac_cv_func_floor=no
ac_cv_func_gettimeofday=yes
ac_cv_func_malloc_0_nonnull=yes
ac_cv_func_memset=yes
ac_cv_func_pow=no
ac_cv_func_rint=no
ac_cv_func_sqrt=no
ac_cv_func_strtod=yes
ac_cv_header_inttypes_h=yes
ac_cv_header_limits_h=yes
ac_cv_header_memory_h=yes
ac_cv_header_stdbool_h=yes
ac_cv_header_stdc=yes
ac_cv_header_stddef_h=yes
ac_cv_header_stdint_h=yes
ac_cv_header_stdlib_h=yes
ac_cv_header_string_h=yes
ac_cv_header_strings_h=yes
ac_cv_header_sys_stat_h=yes
ac_cv_header_sys_time_h=yes
ac_cv_header_sys_types_h=yes
ac_cv_header_unistd_h=yes
ac_cv_lib_gomp_main=yes
ac_cv_lib_lapack_main=yes
ac_cv_objext=o
ac_cv_path_EGREP='/bin/grep -E'
ac_cv_path_GREP=/bin/grep
ac_cv_prog_CPP='gcc -E'
ac_cv_prog_ac_ct_CC=gcc
ac_cv_prog_ac_ct_CXX=g++
ac_cv_prog_ac_ct_FC=gfortran
ac_cv_prog_cc_c89=
ac_cv_prog_cc_g=yes
ac_cv_prog_cxx_g=yes
ac_cv_prog_fc_g=yes
ac_cv_type__Bool=yes
ac_cv_type_size_t=yes

## ----------------- ##
## Output variables. ##
## ----------------- ##

CC='gcc'
CFLAGS='-g -O2'
CPP='gcc -E'
CPPFLAGS=''
CXX='g++'
CXXFLAGS='-g -O2'
DEFS='-DPACKAGE_NAME=\"pimc\" -DPACKAGE_TARNAME=\"pimc\" -DPACKAGE_VERSION=\"1.0\" -DPACKAGE_STRING=\"pimc\ 1.0\" -DPACKAGE_BUGREPORT=\"pnroy@uwaterloo.ca\" -DPACKAGE_URL=\"\" -DHAVE_LIBGOMP=1 -DHAVE_LIBLAPACK=1 -DSTDC_HEADERS=1 -DHAVE_SYS_TYPES_H=1 -DHAVE_SYS_STAT_H=1 -DHAVE_STDLIB_H=1 -DHAVE_STRING_H=1 -DHAVE_MEMORY_H=1 -DHAVE_STRINGS_H=1 -DHAVE_INTTYPES_H=1 -DHAVE_STDINT_H=1 -DHAVE_UNISTD_H=1 -DHAVE_LIMITS_H=1 -DHAVE_STDDEF_H=1 -DHAVE_STDLIB_H=1 -DHAVE_STRING_H=1 -DHAVE_SYS_TIME_H=1 -DHAVE__BOOL=1 -DHAVE_STDLIB_H=1 -DHAVE_MALLOC=1 -DHAVE_GETTIMEOFDAY=1 -DHAVE_MEMSET=1'
ECHO_C=''
ECHO_N='-n'
ECHO_T=''
EGREP='/bin/grep -E'
EXEEXT=''
FC='gfortran'
FCFLAGS='-g -O2'
GREP='/bin/grep'
LDFLAGS=''
LIBOBJS=''
LIBS='-llapack -lgomp '
LTLIBOBJS=''
OBJEXT='o'
PACKAGE_BUGREPORT='pnroy@uwaterloo.ca'
PACKAGE_NAME='pimc'
PACKAGE_STRING='pimc 1.0'
PACKAGE_TARNAME='pimc'
PACKAGE_URL=''
PACKAGE_VERSION='1.0'
PATH_SEPARATOR=':'
POW_LIB=''
SHELL='/bin/bash'
ac_ct_CC='gcc'
ac_ct_CXX='g++'
ac_ct_FC='gfortran'
bindir='${exec_prefix}/bin'
build_alias=''
datadir='${datarootdir}'
datarootdir='${prefix}/share'
docdir='${datarootdir}/doc/${PACKAGE_TARNAME}'
dvidir='${docdir}'
exec_prefix='${prefix}'
host_alias=''
htmldir='${docdir}'
includedir='${prefix}/include'
infodir='${datarootdir}/info'
libdir='${exec_prefix}/lib'
libexecdir='${exec_prefix}/libexec'
localedir='${datarootdir}/locale'
localstatedir='${prefix}/var'
mandir='${datarootdir}/man'
oldincludedir='/usr/include'
pdfdir='${docdir}'
prefix='/usr/local'
program_transform_name='s,x,x,'
psdir='${docdir}'
sbindir='${exec_prefix}/sbin'
sharedstatedir='${prefix}/com'
sysconfdir='${prefix}/etc'
target_alias=''

## ----------- ##
## confdefs.h. ##
## ----------- ##

/* confdefs.h */
#define PACKAGE_NAME "pimc"
#define PACKAGE_TARNAME "pimc"
#define PACKAGE_VERSION "1.0"
#define PACKAGE_STRING "pimc 1.0"
#define PACKAGE_BUGREPORT "pnroy@uwaterloo.ca"
#define PACKAGE_URL ""
#define HAVE_LIBGOMP 1
#define HAVE_LIBLAPACK 1
#define STDC_HEADERS 1
#define HAVE_SYS_TYPES_H 1
#define HAVE_SYS_STAT_H 1
#define HAVE_STDLIB_H 1
#define HAVE_STRING_H 1
#define HAVE_MEMORY_H 1
#define HAVE_STRINGS_H 1
#define HAVE_INTTYPES_H 1
#define HAVE_STDINT_H 1
#define HAVE_UNISTD_H 1
#define HAVE_LIMITS_H 1
#define HAVE_STDDEF_H 1
#define HAVE_STDLIB_H 1
#define HAVE_STRING_H 1
#define HAVE_SYS_TIME_H 1
#define HAVE__BOOL 1
#define HAVE_STDLIB_H 1
#define HAVE_MALLOC 1
#define HAVE_GETTIMEOFDAY 1
#define HAVE_MEMSET 1

configure: exit 0
